<?xml version="1.0" encoding="UTF-8"?>
<testsuite name="com.project.penbox.PenBoxTest" tests="1" skipped="0" failures="0" errors="0" timestamp="2023-03-10T06:52:00" hostname="LAPTOP-CLGBP6P7" time="0.02">
  <properties/>
  <testcase name="checkTotalBluePenInBox" classname="com.project.penbox.PenBoxTest" time="0.02"/>
  <system-out><![CDATA[]]></system-out>
  <system-err><![CDATA[]]></system-err>
</testsuite>
